[LOG] System::create                           : Header version = 2.01.07. Current version = 2.01.07.
[LOG] Manager::init                            : maxchannels = 256 studioflags = 00000006 flags 00000000 extradriverdata 0x0.
[LOG] SystemI::init                            : Initialize version=20107 (113487), maxchannels=256, flags=0x00020000
[LOG] SystemI::setOutputInternal               : Setting output to 'FMOD Core Audio Output'
[LOG] OutputCoreAudio::init                    : Output running 2 channels at 44100Hz sample rate.
[LOG] OutputCoreAudio::init                    : Maximum hardware read size: 1024 samples, Software buffer size: 512 samples, Number of software buffers: 4.
[LOG] SystemI::init                            : Output requires a sample rate of 44100Hz, resampling will occur.
[LOG] Thread::initThread                       : Init FMOD stream thread. Affinity: 0x8000000000000003, Priority: 0xFFFF7FFB, Stack Size: 98304, Semaphore: No, Sleep Time: 10, Looping: Yes.
[LOG] Thread::initThread                       : Init FMOD mixer thread. Affinity: 0x8000000000000001, Priority: 0xFFFF7FFA, Stack Size: 81920, Semaphore: Yes, Sleep Time: 0, Looping: Yes.
[LOG] AsyncManager::init                       : manager 0x7fa1f313e808 isAsync 0 updatePeriod 0.02
[LOG] AsyncManager::init                       : done
[LOG] PlaybackSystem::init                     : 
[LOG] Thread::initThread                       : Init FMOD Studio sample load thread. Affinity: 0x8000000000000003, Priority: 0xFFFF7FFD, Stack Size: 98304, Semaphore: No, Sleep Time: 1, Looping: No.
[LOG] PlaybackSystem::init                     : done
[LOG] Thread::initThread                       : Init FMOD Studio bank load thread. Affinity: 0x8000000000000003, Priority: 0xFFFF7FFD, Stack Size: 98304, Semaphore: No, Sleep Time: 1, Looping: No.
[LOG] Manager::init                            : done.
[LOG] Manager::readBank                        : fileversion = 125, compatVersion = 119 (oldest = 44, newest = 135)
[LOG] Manager::readBank                        : fileversion = 125, compatVersion = 119 (oldest = 44, newest = 135)
[LOG] Manager::readBank                        : fileversion = 125, compatVersion = 119 (oldest = 44, newest = 135)
[LOG] SystemI::createSoundInternal             : Create name='', mode=0x02000202
[LOG] SystemI::createSoundInternal             : exinfo->cbsize             = 224
[LOG] SystemI::createSoundInternal             : exinfo->length             = 7009632
[LOG] SystemI::createSoundInternal             : exinfo->fileoffset         = 20288
[LOG] SystemI::createSoundInternal             : exinfo->numsubsounds       = 1
[LOG] SystemI::createSoundInternal             : exinfo->inclusionlist      = 0x70000edfa954
[LOG] SystemI::createSoundInternal             : exinfo->inclusionlistnum   = 1
[LOG] SystemI::createSoundInternal             : exinfo->suggestedsoundtype = 5
[LOG] SystemI::createSoundInternal             : exinfo->useropen           = 0x1472117fa
[LOG] SystemI::createSoundInternal             : exinfo->userclose          = 0x1472118b1
[LOG] SystemI::createSoundInternal             : exinfo->userread           = 0x1472118de
[LOG] SystemI::createSoundInternal             : exinfo->userseek           = 0x147211982
[LOG] SystemI::createSoundInternal             : exinfo->fileuserdata       = 0x7fa20ca95c88
[LOG] SystemI::createSoundInternal             : exinfo->initialseekpostype = 1
[LOG] SystemI::DSPCodecPoolRegister            : register codec pool for pool type 5
[LOG] SystemI::createSoundInternal             : Sample 0/1: name='SUMMON DUCK 3', format=5, channels=2, frequency=48000, lengthbytes=20640, lengthpcm=192000, pcmblocksize=0, loopstart=0, loopend=0, mode=0x00000000, channelmask=0x00000000, channelorder=0, peakvolume=0.341431.
[LOG] SystemI::createSoundInternal             : Create name='', mode=0x02000202
[LOG] SystemI::createSoundInternal             : exinfo->cbsize             = 224
[LOG] SystemI::createSoundInternal             : exinfo->length             = 7009632
[LOG] SystemI::createSoundInternal             : exinfo->fileoffset         = 20288
[LOG] SystemI::createSoundInternal             : exinfo->numsubsounds       = 1
[LOG] SystemI::createSoundInternal             : exinfo->inclusionlist      = 0x70000edfa954
[LOG] SystemI::createSoundInternal             : exinfo->inclusionlistnum   = 1
[LOG] SystemI::createSoundInternal             : exinfo->suggestedsoundtype = 5
[LOG] SystemI::createSoundInternal             : exinfo->useropen           = 0x1472117fa
[LOG] SystemI::createSoundInternal             : exinfo->userclose          = 0x1472118b1
[LOG] SystemI::createSoundInternal             : exinfo->userread           = 0x1472118de
[LOG] SystemI::createSoundInternal             : exinfo->userseek           = 0x147211982
[LOG] SystemI::createSoundInternal             : exinfo->fileuserdata       = 0x7fa20ca95c88
[LOG] SystemI::createSoundInternal             : exinfo->initialseekpostype = 1
[LOG] SystemI::DSPCodecPoolRegister            : register codec pool for pool type 5
[LOG] SystemI::createSoundInternal             : Sample 0/1: name='SUMMON DUCK 1', format=5, channels=2, frequency=48000, lengthbytes=22144, lengthpcm=192000, pcmblocksize=0, loopstart=0, loopend=0, mode=0x00000000, channelmask=0x00000000, channelorder=0, peakvolume=0.429504.
[LOG] SystemI::createSoundInternal             : Create name='', mode=0x02000202
[LOG] SystemI::createSoundInternal             : exinfo->cbsize             = 224
[LOG] SystemI::createSoundInternal             : exinfo->length             = 7009632
[LOG] SystemI::createSoundInternal             : exinfo->fileoffset         = 20288
[LOG] SystemI::createSoundInternal             : exinfo->numsubsounds       = 1
[LOG] SystemI::createSoundInternal             : exinfo->inclusionlist      = 0x70000edfa954
[LOG] SystemI::createSoundInternal             : exinfo->inclusionlistnum   = 1
[LOG] SystemI::createSoundInternal             : exinfo->suggestedsoundtype = 5
[LOG] SystemI::createSoundInternal             : exinfo->useropen           = 0x1472117fa
[LOG] SystemI::createSoundInternal             : exinfo->userclose          = 0x1472118b1
[LOG] SystemI::createSoundInternal             : exinfo->userread           = 0x1472118de
[LOG] SystemI::createSoundInternal             : exinfo->userseek           = 0x147211982
[LOG] SystemI::createSoundInternal             : exinfo->fileuserdata       = 0x7fa20ca95c88
[LOG] SystemI::createSoundInternal             : exinfo->initialseekpostype = 1
[LOG] SystemI::DSPCodecPoolRegister            : register codec pool for pool type 5
[LOG] SystemI::createSoundInternal             : Sample 0/1: name='SUMMON DUCK 2', format=5, channels=2, frequency=48000, lengthbytes=20960, lengthpcm=192000, pcmblocksize=0, loopstart=0, loopend=0, mode=0x00000000, channelmask=0x00000000, channelorder=0, peakvolume=0.412048.
[LOG] SystemI::createSoundInternal             : Create name='', mode=0x02000202
[LOG] SystemI::createSoundInternal             : exinfo->cbsize             = 224
[LOG] SystemI::createSoundInternal             : exinfo->length             = 7009632
[LOG] SystemI::createSoundInternal             : exinfo->fileoffset         = 20288
[LOG] SystemI::createSoundInternal             : exinfo->numsubsounds       = 1
[LOG] SystemI::createSoundInternal             : exinfo->inclusionlist      = 0x70000edfa954
[LOG] SystemI::createSoundInternal             : exinfo->inclusionlistnum   = 1
[LOG] SystemI::createSoundInternal             : exinfo->suggestedsoundtype = 5
[LOG] SystemI::createSoundInternal             : exinfo->useropen           = 0x1472117fa
[LOG] SystemI::createSoundInternal             : exinfo->userclose          = 0x1472118b1
[LOG] SystemI::createSoundInternal             : exinfo->userread           = 0x1472118de
[LOG] SystemI::createSoundInternal             : exinfo->userseek           = 0x147211982
[LOG] SystemI::createSoundInternal             : exinfo->fileuserdata       = 0x7fa1f6f95358
[LOG] SystemI::createSoundInternal             : exinfo->initialseekpostype = 1
[LOG] SystemI::DSPCodecPoolRegister            : register codec pool for pool type 5
[LOG] SystemI::createSoundInternal             : Sample 0/1: name='QUACK 3', format=5, channels=2, frequency=48000, lengthbytes=9920, lengthpcm=53999, pcmblocksize=0, loopstart=0, loopend=0, mode=0x00000000, channelmask=0x00000000, channelorder=0, peakvolume=0.322327.
[LOG] SystemI::createSoundInternal             : Create name='', mode=0x02000202
[LOG] SystemI::createSoundInternal             : exinfo->cbsize             = 224
[LOG] SystemI::createSoundInternal             : exinfo->length             = 7009632
[LOG] SystemI::createSoundInternal             : exinfo->fileoffset         = 20288
[LOG] SystemI::createSoundInternal             : exinfo->numsubsounds       = 1
[LOG] SystemI::createSoundInternal             : exinfo->inclusionlist      = 0x70000edfa954
[LOG] SystemI::createSoundInternal             : exinfo->inclusionlistnum   = 1
[LOG] SystemI::createSoundInternal             : exinfo->suggestedsoundtype = 5
[LOG] SystemI::createSoundInternal             : exinfo->useropen           = 0x1472117fa
[LOG] SystemI::createSoundInternal             : exinfo->userclose          = 0x1472118b1
[LOG] SystemI::createSoundInternal             : exinfo->userread           = 0x1472118de
[LOG] SystemI::createSoundInternal             : exinfo->userseek           = 0x147211982
[LOG] SystemI::createSoundInternal             : exinfo->fileuserdata       = 0x7fa1f6f95358
[LOG] SystemI::createSoundInternal             : exinfo->initialseekpostype = 1
[LOG] SystemI::DSPCodecPoolRegister            : register codec pool for pool type 5
[LOG] SystemI::createSoundInternal             : Sample 0/1: name='QUACK 2', format=5, channels=2, frequency=48000, lengthbytes=10848, lengthpcm=53999, pcmblocksize=0, loopstart=0, loopend=0, mode=0x00000000, channelmask=0x00000000, channelorder=0, peakvolume=0.277557.
[LOG] SystemI::createSoundInternal             : Create name='', mode=0x02000202
[LOG] SystemI::createSoundInternal             : exinfo->cbsize             = 224
[LOG] SystemI::createSoundInternal             : exinfo->length             = 7009632
[LOG] SystemI::createSoundInternal             : exinfo->fileoffset         = 20288
[LOG] SystemI::createSoundInternal             : exinfo->numsubsounds       = 1
[LOG] SystemI::createSoundInternal             : exinfo->inclusionlist      = 0x70000edfa954
[LOG] SystemI::createSoundInternal             : exinfo->inclusionlistnum   = 1
[LOG] SystemI::createSoundInternal             : exinfo->suggestedsoundtype = 5
[LOG] SystemI::createSoundInternal             : exinfo->useropen           = 0x1472117fa
[LOG] SystemI::createSoundInternal             : exinfo->userclose          = 0x1472118b1
[LOG] SystemI::createSoundInternal             : exinfo->userread           = 0x1472118de
[LOG] SystemI::createSoundInternal             : exinfo->userseek           = 0x147211982
[LOG] SystemI::createSoundInternal             : exinfo->fileuserdata       = 0x7fa1f6f95358
[LOG] SystemI::createSoundInternal             : exinfo->initialseekpostype = 1
[LOG] SystemI::DSPCodecPoolRegister            : register codec pool for pool type 5
[LOG] SystemI::createSoundInternal             : Sample 0/1: name='QUACK 1', format=5, channels=2, frequency=48000, lengthbytes=11776, lengthpcm=53999, pcmblocksize=0, loopstart=0, loopend=0, mode=0x00000000, channelmask=0x00000000, channelorder=0, peakvolume=0.340637.
[LOG] Manager::readBank                        : fileversion = 125, compatVersion = 119 (oldest = 44, newest = 135)
[LOG] Manager::readBank                        : fileversion = 125, compatVersion = 119 (oldest = 44, newest = 135)
[LOG] Manager::readBank                        : fileversion = 125, compatVersion = 119 (oldest = 44, newest = 135)
[LOG] PlaybackSystem::acquireMasterBus         : Setting master channel group format to 6
[LOG] SystemI::createSoundInternal             : Create name='', mode=0x02000202
[LOG] SystemI::createSoundInternal             : exinfo->cbsize             = 224
[LOG] SystemI::createSoundInternal             : exinfo->length             = 7009632
[LOG] SystemI::createSoundInternal             : exinfo->fileoffset         = 20288
[LOG] SystemI::createSoundInternal             : exinfo->numsubsounds       = 1
[LOG] SystemI::createSoundInternal             : exinfo->inclusionlist      = 0x70000edfa954
[LOG] SystemI::createSoundInternal             : exinfo->inclusionlistnum   = 1
[LOG] SystemI::createSoundInternal             : exinfo->suggestedsoundtype = 5
[LOG] SystemI::createSoundInternal             : exinfo->useropen           = 0x1472117fa
[LOG] SystemI::createSoundInternal             : exinfo->userclose          = 0x1472118b1
[LOG] SystemI::createSoundInternal             : exinfo->userread           = 0x1472118de
[LOG] SystemI::createSoundInternal             : exinfo->userseek           = 0x147211982
[LOG] SystemI::createSoundInternal             : exinfo->fileuserdata       = 0x7fa1f6b53b08
[LOG] SystemI::createSoundInternal             : exinfo->initialseekpostype = 1
[LOG] SystemI::DSPCodecPoolRegister            : register codec pool for pool type 5
[LOG] SystemI::createSoundInternal             : Sample 0/1: name='THROW', format=5, channels=2, frequency=48000, lengthbytes=4128, lengthpcm=52224, pcmblocksize=0, loopstart=0, loopend=0, mode=0x00000000, channelmask=0x00000000, channelorder=0, peakvolume=0.290985.
[LOG] SystemI::createSoundInternal             : Create name='', mode=0x02000202
[LOG] SystemI::createSoundInternal             : exinfo->cbsize             = 224
[LOG] SystemI::createSoundInternal             : exinfo->length             = 7009632
[LOG] SystemI::createSoundInternal             : exinfo->fileoffset         = 20288
[LOG] SystemI::createSoundInternal             : exinfo->numsubsounds       = 1
[LOG] SystemI::createSoundInternal             : exinfo->inclusionlist      = 0x70000edfa954
[LOG] SystemI::createSoundInternal             : exinfo->inclusionlistnum   = 1
[LOG] SystemI::createSoundInternal             : exinfo->suggestedsoundtype = 5
[LOG] SystemI::createSoundInternal             : exinfo->useropen           = 0x1472117fa
[LOG] SystemI::createSoundInternal             : exinfo->userclose          = 0x1472118b1
[LOG] SystemI::createSoundInternal             : exinfo->userread           = 0x1472118de
[LOG] SystemI::createSoundInternal             : exinfo->userseek           = 0x147211982
[LOG] SystemI::createSoundInternal             : exinfo->fileuserdata       = 0x7fa1f11085e8
[LOG] SystemI::createSoundInternal             : exinfo->initialseekpostype = 1
[LOG] SystemI::DSPCodecPoolRegister            : register codec pool for pool type 5
[LOG] SystemI::createSoundInternal             : Sample 0/1: name='ENEMY ACTIVE', format=5, channels=2, frequency=48000, lengthbytes=26016, lengthpcm=288000, pcmblocksize=0, loopstart=0, loopend=0, mode=0x00000000, channelmask=0x00000000, channelorder=0, peakvolume=0.398743.
[LOG] SystemI::createSoundInternal             : Create name='', mode=0x02000202
[LOG] SystemI::createSoundInternal             : exinfo->cbsize             = 224
[LOG] SystemI::createSoundInternal             : exinfo->length             = 7009632
[LOG] SystemI::createSoundInternal             : exinfo->fileoffset         = 20288
[LOG] SystemI::createSoundInternal             : exinfo->numsubsounds       = 1
[LOG] SystemI::createSoundInternal             : exinfo->inclusionlist      = 0x70000edfa954
[LOG] SystemI::createSoundInternal             : exinfo->inclusionlistnum   = 1
[LOG] SystemI::createSoundInternal             : exinfo->suggestedsoundtype = 5
[LOG] SystemI::createSoundInternal             : exinfo->useropen           = 0x1472117fa
[LOG] SystemI::createSoundInternal             : exinfo->userclose          = 0x1472118b1
[LOG] SystemI::createSoundInternal             : exinfo->userread           = 0x1472118de
[LOG] SystemI::createSoundInternal             : exinfo->userseek           = 0x147211982
[LOG] SystemI::createSoundInternal             : exinfo->fileuserdata       = 0x7fa20b4b0448
[LOG] SystemI::createSoundInternal             : exinfo->initialseekpostype = 1
[LOG] SystemI::DSPCodecPoolRegister            : register codec pool for pool type 5
[LOG] SystemI::createSoundInternal             : Sample 0/1: name='HIT ATTACK 2', format=5, channels=2, frequency=48000, lengthbytes=21728, lengthpcm=96000, pcmblocksize=0, loopstart=0, loopend=0, mode=0x00000000, channelmask=0x00000000, channelorder=0, peakvolume=0.542664.
[LOG] SystemI::createSoundInternal             : Create name='', mode=0x02000202
[LOG] SystemI::createSoundInternal             : exinfo->cbsize             = 224
[LOG] SystemI::createSoundInternal             : exinfo->length             = 7009632
[LOG] SystemI::createSoundInternal             : exinfo->fileoffset         = 20288
[LOG] SystemI::createSoundInternal             : exinfo->numsubsounds       = 1
[LOG] SystemI::createSoundInternal             : exinfo->inclusionlist      = 0x70000edfa954
[LOG] SystemI::createSoundInternal             : exinfo->inclusionlistnum   = 1
[LOG] SystemI::createSoundInternal             : exinfo->suggestedsoundtype = 5
[LOG] SystemI::createSoundInternal             : exinfo->useropen           = 0x1472117fa
[LOG] SystemI::createSoundInternal             : exinfo->userclose          = 0x1472118b1
[LOG] SystemI::createSoundInternal             : exinfo->userread           = 0x1472118de
[LOG] SystemI::createSoundInternal             : exinfo->userseek           = 0x147211982
[LOG] SystemI::createSoundInternal             : exinfo->fileuserdata       = 0x7fa20b4b0448
[LOG] SystemI::createSoundInternal             : exinfo->initialseekpostype = 1
[LOG] SystemI::DSPCodecPoolRegister            : register codec pool for pool type 5
[LOG] SystemI::createSoundInternal             : Sample 0/1: name='HIT ATTACK 6', format=5, channels=2, frequency=48000, lengthbytes=21344, lengthpcm=96000, pcmblocksize=0, loopstart=0, loopend=0, mode=0x00000000, channelmask=0x00000000, channelorder=0, peakvolume=0.459412.
[LOG] SystemI::createSoundInternal             : Create name='', mode=0x02000202
[LOG] SystemI::createSoundInternal             : exinfo->cbsize             = 224
[LOG] SystemI::createSoundInternal             : exinfo->length             = 7009632
[LOG] SystemI::createSoundInternal             : exinfo->fileoffset         = 20288
[LOG] SystemI::createSoundInternal             : exinfo->numsubsounds       = 1
[LOG] SystemI::createSoundInternal             : exinfo->inclusionlist      = 0x70000edfa954
[LOG] SystemI::createSoundInternal             : exinfo->inclusionlistnum   = 1
[LOG] SystemI::createSoundInternal             : exinfo->suggestedsoundtype = 5
[LOG] SystemI::createSoundInternal             : exinfo->useropen           = 0x1472117fa
[LOG] SystemI::createSoundInternal             : exinfo->userclose          = 0x1472118b1
[LOG] SystemI::createSoundInternal             : exinfo->userread           = 0x1472118de
[LOG] SystemI::createSoundInternal             : exinfo->userseek           = 0x147211982
[LOG] SystemI::createSoundInternal             : exinfo->fileuserdata       = 0x7fa20b4b0448
[LOG] SystemI::createSoundInternal             : exinfo->initialseekpostype = 1
[LOG] SystemI::DSPCodecPoolRegister            : register codec pool for pool type 5
[LOG] SystemI::createSoundInternal             : Sample 0/1: name='HIT ATTACK 4', format=5, channels=2, frequency=48000, lengthbytes=22080, lengthpcm=96000, pcmblocksize=0, loopstart=0, loopend=0, mode=0x00000000, channelmask=0x00000000, channelorder=0, peakvolume=0.545929.
[LOG] SystemI::createSoundInternal             : Create name='', mode=0x02000202
[LOG] SystemI::createSoundInternal             : exinfo->cbsize             = 224
[LOG] SystemI::createSoundInternal             : exinfo->length             = 7009632
[LOG] SystemI::createSoundInternal             : exinfo->fileoffset         = 20288
[LOG] SystemI::createSoundInternal             : exinfo->numsubsounds       = 1
[LOG] SystemI::createSoundInternal             : exinfo->inclusionlist      = 0x70000edfa954
[LOG] SystemI::createSoundInternal             : exinfo->inclusionlistnum   = 1
[LOG] SystemI::createSoundInternal             : exinfo->suggestedsoundtype = 5
[LOG] SystemI::createSoundInternal             : exinfo->useropen           = 0x1472117fa
[LOG] SystemI::createSoundInternal             : exinfo->userclose          = 0x1472118b1
[LOG] SystemI::createSoundInternal             : exinfo->userread           = 0x1472118de
[LOG] SystemI::createSoundInternal             : exinfo->userseek           = 0x147211982
[LOG] SystemI::createSoundInternal             : exinfo->fileuserdata       = 0x7fa20b4b0448
[LOG] SystemI::createSoundInternal             : exinfo->initialseekpostype = 1
[LOG] SystemI::DSPCodecPoolRegister            : register codec pool for pool type 5
[LOG] SystemI::createSoundInternal             : Sample 0/1: name='HIT ATTACK 1', format=5, channels=2, frequency=48000, lengthbytes=21472, lengthpcm=96000, pcmblocksize=0, loopstart=0, loopend=0, mode=0x00000000, channelmask=0x00000000, channelorder=0, peakvolume=0.492432.
[LOG] SystemI::createSoundInternal             : Create name='', mode=0x02000202
[LOG] SystemI::createSoundInternal             : exinfo->cbsize             = 224
[LOG] SystemI::createSoundInternal             : exinfo->length             = 7009632
[LOG] SystemI::createSoundInternal             : exinfo->fileoffset         = 20288
[LOG] SystemI::createSoundInternal             : exinfo->numsubsounds       = 1
[LOG] SystemI::createSoundInternal             : exinfo->inclusionlist      = 0x70000edfa954
[LOG] SystemI::createSoundInternal             : exinfo->inclusionlistnum   = 1
[LOG] SystemI::createSoundInternal             : exinfo->suggestedsoundtype = 5
[LOG] SystemI::createSoundInternal             : exinfo->useropen           = 0x1472117fa
[LOG] SystemI::createSoundInternal             : exinfo->userclose          = 0x1472118b1
[LOG] SystemI::createSoundInternal             : exinfo->userread           = 0x1472118de
[LOG] SystemI::createSoundInternal             : exinfo->userseek           = 0x147211982
[LOG] SystemI::createSoundInternal             : exinfo->fileuserdata       = 0x7fa20b4b0448
[LOG] SystemI::createSoundInternal             : exinfo->initialseekpostype = 1
[LOG] SystemI::DSPCodecPoolRegister            : register codec pool for pool type 5
[LOG] SystemI::createSoundInternal             : Sample 0/1: name='HIT ATTACK 3', format=5, channels=2, frequency=48000, lengthbytes=21344, lengthpcm=96000, pcmblocksize=0, loopstart=0, loopend=0, mode=0x00000000, channelmask=0x00000000, channelorder=0, peakvolume=0.500336.
[LOG] SystemI::createSoundInternal             : Create name='', mode=0x02000202
[LOG] SystemI::createSoundInternal             : exinfo->cbsize             = 224
[LOG] SystemI::createSoundInternal             : exinfo->length             = 7009632
[LOG] SystemI::createSoundInternal             : exinfo->fileoffset         = 20288
[LOG] SystemI::createSoundInternal             : exinfo->numsubsounds       = 1
[LOG] SystemI::createSoundInternal             : exinfo->inclusionlist      = 0x70000edfa954
[LOG] SystemI::createSoundInternal             : exinfo->inclusionlistnum   = 1
[LOG] SystemI::createSoundInternal             : exinfo->suggestedsoundtype = 5
[LOG] SystemI::createSoundInternal             : exinfo->useropen           = 0x1472117fa
[LOG] SystemI::createSoundInternal             : exinfo->userclose          = 0x1472118b1
[LOG] SystemI::createSoundInternal             : exinfo->userread           = 0x1472118de
[LOG] SystemI::createSoundInternal             : exinfo->userseek           = 0x147211982
[LOG] SystemI::createSoundInternal             : exinfo->fileuserdata       = 0x7fa20b4b0448
[LOG] SystemI::createSoundInternal             : exinfo->initialseekpostype = 1
[LOG] SystemI::DSPCodecPoolRegister            : register codec pool for pool type 5
[LOG] SystemI::createSoundInternal             : Sample 0/1: name='HIT ATTACK 5', format=5, channels=2, frequency=48000, lengthbytes=21152, lengthpcm=96000, pcmblocksize=0, loopstart=0, loopend=0, mode=0x00000000, channelmask=0x00000000, channelorder=0, peakvolume=0.492004.
[LOG] SystemI::createSoundInternal             : Create name='', mode=0x02000202
[LOG] SystemI::createSoundInternal             : exinfo->cbsize             = 224
[LOG] SystemI::createSoundInternal             : exinfo->length             = 7009632
[LOG] SystemI::createSoundInternal             : exinfo->fileoffset         = 20288
[LOG] SystemI::createSoundInternal             : exinfo->numsubsounds       = 1
[LOG] SystemI::createSoundInternal             : exinfo->inclusionlist      = 0x70000edfa954
[LOG] SystemI::createSoundInternal             : exinfo->inclusionlistnum   = 1
[LOG] SystemI::createSoundInternal             : exinfo->suggestedsoundtype = 5
[LOG] SystemI::createSoundInternal             : exinfo->useropen           = 0x1472117fa
[LOG] SystemI::createSoundInternal             : exinfo->userclose          = 0x1472118b1
[LOG] SystemI::createSoundInternal             : exinfo->userread           = 0x1472118de
[LOG] SystemI::createSoundInternal             : exinfo->userseek           = 0x147211982
[LOG] SystemI::createSoundInternal             : exinfo->fileuserdata       = 0x7fa20b4b0448
[LOG] SystemI::createSoundInternal             : exinfo->initialseekpostype = 1
[LOG] SystemI::DSPCodecPoolRegister            : register codec pool for pool type 5
[LOG] SystemI::createSoundInternal             : Sample 0/1: name='ENEMY DEATH', format=5, channels=2, frequency=48000, lengthbytes=5408, lengthpcm=96000, pcmblocksize=0, loopstart=0, loopend=0, mode=0x00000000, channelmask=0x00000000, channelorder=0, peakvolume=0.903900.
[LOG] SystemI::createSound                     : filename = Casey's Audio Corner/NotDigDug/Build/Desktop/Master.bank : mode 02010082
[LOG] SystemI::createSound                     : FMOD_NONBLOCKING specified.  Putting into queue to be opened asynchronously!
[LOG] SystemI::createSound                     : setdata soundi = 0x7fa1f1859bb8 : node = 0x7fa1f185f330
[LOG] SystemI::createSound                     : add node to async list : head = 0x7fa1f6ff0e68.  list count = 0
[LOG] AsyncThread::threadFunc                  : Starting Asynchronous operation on sound 0x7fa1f1859bb8
[LOG] SystemI::createSound                     : filename = Casey's Audio Corner/NotDigDug/Build/Desktop/Master.bank : mode 02010082
[LOG] SystemI::createSound                     :     FMOD_NONBLOCKING specified.  Putting into queue to be opened asynchronously!
[LOG] SystemI::createSound                     :     setdata soundi = 0x7fa1f185aa38 : node = 0x7fa1f1859d70
[LOG] SystemI::createSound                     :     add node to async list : head = 0x7fa1f6ff0e68.  list count = 0
[LOG] SystemI::createSoundInternal             :     Create name='Casey's Audio Corner/NotDigDug/Build/Desktop/Master.bank', mode=0x02010082
[LOG] SystemI::createSoundInternal             :     exinfo->cbsize             = 224
[LOG] SystemI::createSoundInternal             :     exinfo->length             = 7009632
[LOG] SystemI::createSoundInternal             :     exinfo->fileoffset         = 20288
[LOG] SystemI::createSoundInternal             :     exinfo->numsubsounds       = 1
[LOG] SystemI::createSoundInternal             :     exinfo->inclusionlist      = 0x7fa1f185f440
[LOG] SystemI::createSoundInternal             :     exinfo->inclusionlistnum   = 1
[LOG] SystemI::createSoundInternal             :     exinfo->suggestedsoundtype = 5
[LOG] SystemI::createSoundInternal             :     exinfo->initialseekpostype = 1
[LOG] SystemI::createSound                     :     filename = Casey's Audio Corner/NotDigDug/Build/Desktop/Master.bank : mode 02010082
[LOG] SystemI::createSound                     :     FMOD_NONBLOCKING specified.  Putting into queue to be opened asynchronously!
[LOG] SystemI::createSound                     :     setdata soundi = 0x7fa1f185ad78 : node = 0x7fa1f185af30
[LOG] SystemI::createSound                     :     add node to async list : head = 0x7fa1f6ff0e68.  list count = 1
[LOG] SystemI::createSoundInternal             :     Stream 0/1: name='Not Dig Dug(Main)', format=5, channels=2, frequency=48000, lengthbytes=1230048, lengthpcm=3840000, pcmblocksize=0, loopstart=0, loopend=0, mode=0x00000000, channelmask=0x00000000, channelorder=0, peakvolume=0.999969.
[LOG] AsyncThread::threadFunc                  : Finished Asynchronous operation on sound 0x7fa1f1859bb8
[LOG] AsyncThread::threadFunc                  : Starting Asynchronous operation on sound 0x7fa1f185aa38
[LOG] SystemI::createSoundInternal             :     Create name='Casey's Audio Corner/NotDigDug/Build/Desktop/Master.bank', mode=0x02010082
[LOG] SystemI::createSoundInternal             :     exinfo->cbsize             = 224
[LOG] SystemI::createSoundInternal             :     exinfo->length             = 7009632
[LOG] SystemI::createSoundInternal             :     exinfo->fileoffset         = 20288
[LOG] SystemI::createSoundInternal             :     exinfo->numsubsounds       = 1
[LOG] SystemI::createSoundInternal             :     exinfo->inclusionlist      = 0x7fa1f1859e80
[LOG] SystemI::createSoundInternal             :     exinfo->inclusionlistnum   = 1
[LOG] SystemI::createSoundInternal             :     exinfo->suggestedsoundtype = 5
[LOG] SystemI::createSoundInternal             :     exinfo->initialseekpostype = 1
[LOG] SystemI::createSoundInternal             :     Stream 0/1: name='Not Dig Dug(Drums)', format=5, channels=2, frequency=48000, lengthbytes=953024, lengthpcm=3840000, pcmblocksize=0, loopstart=0, loopend=0, mode=0x00000000, channelmask=0x00000000, channelorder=0, peakvolume=0.769623.
[LOG] AsyncThread::threadFunc                  : Finished Asynchronous operation on sound 0x7fa1f185aa38
[LOG] AsyncThread::threadFunc                  : Starting Asynchronous operation on sound 0x7fa1f185ad78
[LOG] SystemI::createSoundInternal             :     Create name='Casey's Audio Corner/NotDigDug/Build/Desktop/Master.bank', mode=0x02010082
[LOG] SystemI::createSoundInternal             :     exinfo->cbsize             = 224
[LOG] SystemI::createSoundInternal             :     exinfo->length             = 7009632
[LOG] SystemI::createSoundInternal             :     exinfo->fileoffset         = 20288
[LOG] SystemI::createSoundInternal             :     exinfo->numsubsounds       = 1
[LOG] SystemI::createSoundInternal             :     exinfo->inclusionlist      = 0x7fa1f185b040
[LOG] SystemI::createSoundInternal             :     exinfo->inclusionlistnum   = 1
[LOG] SystemI::createSoundInternal             :     exinfo->suggestedsoundtype = 5
[LOG] SystemI::createSoundInternal             :     exinfo->initialseekpostype = 1
[LOG] SystemI::createSoundInternal             :     Stream 0/1: name='Not Dig Dug(Duck Walk)', format=5, channels=2, frequency=48000, lengthbytes=1065472, lengthpcm=3840000, pcmblocksize=0, loopstart=0, loopend=0, mode=0x00000000, channelmask=0x00000000, channelorder=0, peakvolume=0.804138.
[LOG] AsyncThread::threadFunc                  : Finished Asynchronous operation on sound 0x7fa1f185ad78
[LOG] SoundI::release                          : Not Dig Dug(Duck Walk) (0x7fa1f185e5d8)
[LOG] SoundI::release                          :     Not Dig Dug(Duck Walk) (0x7fa1f18a3168)
[LOG] SoundI::release                          :     Not Dig Dug(Duck Walk) (0x7fa1f18471d8)
[LOG] SoundI::release                          : Not Dig Dug(Drums) (0x7fa1f18b8028)
[LOG] SoundI::release                          :     Not Dig Dug(Drums) (0x7fa1f6ff28b8)
[LOG] SoundI::release                          :     Not Dig Dug(Drums) (0x7fa1f6ff2b18)
[LOG] SoundI::release                          : Not Dig Dug(Main) (0x7fa1f6ff09e8)
[LOG] SoundI::release                          :     Not Dig Dug(Main) (0x7fa1f6ff1868)
[LOG] SoundI::release                          :     Not Dig Dug(Main) (0x7fa1f6ff1b18)
[LOG] SoundI::release                          : Not Dig Dug(Duck Walk) (0x7fa1f185ad78)
[LOG] SoundI::release                          :     Not Dig Dug(Duck Walk) (0x7fa1f1858898)
[LOG] SoundI::release                          :     Not Dig Dug(Duck Walk) (0x7fa1f1855b98)
[LOG] SoundI::release                          : Not Dig Dug(Drums) (0x7fa1f185aa38)
[LOG] SoundI::release                          :     Not Dig Dug(Drums) (0x7fa1f1857fa8)
[LOG] SoundI::release                          :     Not Dig Dug(Drums) (0x7fa1f1858138)
[LOG] SoundI::release                          : Not Dig Dug(Main) (0x7fa1f1859bb8)
[LOG] SoundI::release                          :     Not Dig Dug(Main) (0x7fa1f6f3a498)
[LOG] SoundI::release                          :     Not Dig Dug(Main) (0x7fa1f6f3aaf8)
[LOG] SoundI::release                          :  (0x7fa1f187d208)
[LOG] SoundI::release                          :     ENEMY DEATH (0x7fa1f187d378)
[LOG] SoundI::release                          :  (0x7fa1f1869cf8)
[LOG] SoundI::release                          :     HIT ATTACK 1 (0x7fa1f187c2a8)
[LOG] SoundI::release                          :  (0x7fa1f6f96df8)
[LOG] SoundI::release                          :     HIT ATTACK 2 (0x7fa1f6f47388)
[LOG] SoundI::release                          :  (0x7fa1f187c728)
[LOG] SoundI::release                          :     HIT ATTACK 3 (0x7fa1f187d6f8)
[LOG] SoundI::release                          :  (0x7fa1f187de78)
[LOG] SoundI::release                          :     HIT ATTACK 4 (0x7fa1f187dfe8)
[LOG] SoundI::release                          :  (0x7fa1f187db78)
[LOG] SoundI::release                          :     HIT ATTACK 5 (0x7fa1f187cec8)
[LOG] SoundI::release                          :  (0x7fa1f6f47658)
[LOG] SoundI::release                          :     HIT ATTACK 6 (0x7fa1f6f477c8)
[LOG] SoundI::release                          :  (0x7fa1f1155278)
[LOG] SoundI::release                          :     ENEMY ACTIVE (0x7fa1f1f06f58)
[LOG] SoundI::release                          :  (0x7fa1f187cc58)
[LOG] SoundI::release                          :     SUMMON DUCK 1 (0x7fa1f1eedb08)
[LOG] SoundI::release                          :  (0x7fa1f1e7b228)
[LOG] SoundI::release                          :     SUMMON DUCK 2 (0x7fa20cf43688)
[LOG] SoundI::release                          :  (0x7fa1f1891bb8)
[LOG] SoundI::release                          :     SUMMON DUCK 3 (0x7fa1f18bf8b8)
[LOG] SoundI::release                          :  (0x7fa20caea8c8)
[LOG] SoundI::release                          :     QUACK 1 (0x7fa20ca889e8)
[LOG] SoundI::release                          :  (0x7fa1f1e352d8)
[LOG] SoundI::release                          :     QUACK 2 (0x7fa1f1831cf8)
[LOG] SoundI::release                          :  (0x7fa1f1e0daa8)
[LOG] SoundI::release                          :     QUACK 3 (0x7fa1f6bb5428)
[LOG] SoundI::release                          :  (0x7fa1f1e0a7a8)
[LOG] SoundI::release                          :     THROW (0x7fa1f18685c8)
[LOG] Thread::callback                         : FMOD Studio update thread finished.
[LOG] Thread::callback                         : FMOD Studio bank load thread finished.
[LOG] Profile::disconnectAll                   : Profiler disconnecting all clients
[LOG] Thread::callback                         : FMOD Studio sample load thread finished.
[LOG] LiveUpdate::release                      : 
[LOG] LiveUpdate::reset                        : Reset connection (reason Disconnected)
[LOG] Thread::callback                         : FMOD stream thread finished.
[LOG] Thread::callback                         : FMOD mixer thread finished.
[LOG] Profile::disconnectAll                   : Profiler disconnecting all clients
[LOG] SystemI::close                           : Closed.
